mktextfm AdobeSongStd-Light/OT
mktextfm AdobeSongStd-Light/OT
mktextfm AdobeKaitiStd-Regular/OT
mktextfm AdobeKaitiStd-Regular/B/OT
mktextfm AdobeHeitiStd-Regular/OT
mktextfm AdobeHeitiStd-Regular/I/OT
mktextfm AdobeSongStd-Light/OT
mktextfm AdobeSongStd-Light/BI/OT
mktextfm AdobeSongStd-Light/OT
mktextfm AdobeSongStd-Light/OT
mktextfm AdobeHeitiStd-Regular/OT
mktextfm AdobeHeitiStd-Regular/OT
mktextfm AdobeKaitiStd-Regular/OT
mktextfm AdobeKaitiStd-Regular/OT
mktextfm AdobeHeitiStd-Regular/OT
mktextfm AdobeHeitiStd-Regular/OT
mktextfm AdobeHeitiStd-Regular/OT
mktextfm AdobeHeitiStd-Regular/BI/OT
mktextfm AdobeHeitiStd-Regular/OT
mktextfm AdobeHeitiStd-Regular/B/OT
mktextfm AdobeHeitiStd-Regular/OT
mktextfm AdobeHeitiStd-Regular/I/OT
mktextfm AdobeHeitiStd-Regular/OT
mktextfm AdobeHeitiStd-Regular/OT
mktextfm AdobeHeitiStd-Regular/OT
mktextfm AdobeHeitiStd-Regular/OT
mktextfm AdobeHeitiStd-Regular/OT
mktextfm AdobeHeitiStd-Regular/OT
mktextfm AdobeSongStd-Light/OT
mktextfm AdobeSongStd-Light/OT
mktextfm AdobeHeitiStd-Regular/OT
